{
  "RSpec": {
    "coverage": {
      "/Users/christiantodd/Development/code/tic-tac-toe-rb-q-000/lib/tic_tac_toe.rb": [
        1,
        null,
        null,
        null,
        null,
        null,
        null,
        null,
        null,
        null,
        null,
        1,
        12,
        7,
        0,
        0,
        null,
        0,
        null,
        null,
        null,
        null,
        1,
        10,
        10,
        10,
        9,
        null,
        1,
        null,
        0,
        null,
        null,
        1,
        5,
        5,
        5,
        5,
        5,
        null,
        null,
        1,
        13,
        13,
        10,
        null,
        3,
        null,
        null,
        null,
        1,
        44,
        32,
        null,
        12,
        null,
        null,
        null,
        1,
        2,
        null,
        null,
        1,
        2,
        2,
        18,
        5,
        null,
        null,
        null,
        2,
        null,
        null,
        1,
        1,
        null,
        null,
        null,
        null,
        null,
        1,
        18,
        null,
        114,
        null,
        null,
        null,
        null,
        1,
        62,
        null,
        null,
        1,
        3,
        2,
        null,
        1,
        null,
        null,
        null,
        1,
        11,
        7,
        null,
        4,
        null,
        null,
        null,
        1,
        3,
        3,
        null,
        2,
        1,
        null,
        1,
        null,
        null
      ]
    },
    "timestamp": 1449115706
  }
}
